Performing C SOURCE FILE Test CMAKE_HAVE_LIBC_PTHREAD failed with the following output:
Change Dir: /home/ldd/github/demo/location/build/CMakeFiles/CMakeTmp

Run Build Command(s):/usr/bin/make -f Makefile cmTC_205f5/fast && /usr/bin/make  -f CMakeFiles/cmTC_205f5.dir/build.make CMakeFiles/cmTC_205f5.dir/build
make[1]: Entering directory '/home/ldd/github/demo/location/build/CMakeFiles/CMakeTmp'
Building C object CMakeFiles/cmTC_205f5.dir/src.c.o
/usr/bin/cc -DCMAKE_HAVE_LIBC_PTHREAD   -o CMakeFiles/cmTC_205f5.dir/src.c.o -c /home/ldd/github/demo/location/build/CMakeFiles/CMakeTmp/src.c
Linking C executable cmTC_205f5
/usr/local/bin/cmake -E cmake_link_script CMakeFiles/cmTC_205f5.dir/link.txt --verbose=1
/usr/bin/cc -rdynamic CMakeFiles/cmTC_205f5.dir/src.c.o -o cmTC_205f5 
CMakeFiles/cmTC_205f5.dir/src.c.o：在函数‘main’中：
src.c:(.text+0x3c)：对‘pthread_create’未定义的引用
src.c:(.text+0x48)：对‘pthread_detach’未定义的引用
src.c:(.text+0x54)：对‘pthread_cancel’未定义的引用
src.c:(.text+0x65)：对‘pthread_join’未定义的引用
src.c:(.text+0x79)：对‘pthread_atfork’未定义的引用
collect2: error: ld returned 1 exit status
CMakeFiles/cmTC_205f5.dir/build.make:98: recipe for target 'cmTC_205f5' failed
make[1]: *** [cmTC_205f5] Error 1
make[1]: Leaving directory '/home/ldd/github/demo/location/build/CMakeFiles/CMakeTmp'
Makefile:127: recipe for target 'cmTC_205f5/fast' failed
make: *** [cmTC_205f5/fast] Error 2


Source file was:
#include <pthread.h>

static void* test_func(void* data)
{
  return data;
}

int main(void)
{
  pthread_t thread;
  pthread_create(&thread, NULL, test_func, NULL);
  pthread_detach(thread);
  pthread_cancel(thread);
  pthread_join(thread, NULL);
  pthread_atfork(NULL, NULL, NULL);
  pthread_exit(NULL);

  return 0;
}

Determining if the function pthread_create exists in the pthreads failed with the following output:
Change Dir: /home/ldd/github/demo/location/build/CMakeFiles/CMakeTmp

Run Build Command(s):/usr/bin/make -f Makefile cmTC_a4b7c/fast && /usr/bin/make  -f CMakeFiles/cmTC_a4b7c.dir/build.make CMakeFiles/cmTC_a4b7c.dir/build
make[1]: Entering directory '/home/ldd/github/demo/location/build/CMakeFiles/CMakeTmp'
Building C object CMakeFiles/cmTC_a4b7c.dir/CheckFunctionExists.c.o
/usr/bin/cc   -DCHECK_FUNCTION_EXISTS=pthread_create -o CMakeFiles/cmTC_a4b7c.dir/CheckFunctionExists.c.o -c /usr/local/share/cmake-3.23/Modules/CheckFunctionExists.c
Linking C executable cmTC_a4b7c
/usr/local/bin/cmake -E cmake_link_script CMakeFiles/cmTC_a4b7c.dir/link.txt --verbose=1
/usr/bin/cc  -DCHECK_FUNCTION_EXISTS=pthread_create -rdynamic CMakeFiles/cmTC_a4b7c.dir/CheckFunctionExists.c.o -o cmTC_a4b7c  -lpthreads 
/usr/bin/ld: 找不到 -lpthreads
collect2: error: ld returned 1 exit status
CMakeFiles/cmTC_a4b7c.dir/build.make:98: recipe for target 'cmTC_a4b7c' failed
make[1]: *** [cmTC_a4b7c] Error 1
make[1]: Leaving directory '/home/ldd/github/demo/location/build/CMakeFiles/CMakeTmp'
Makefile:127: recipe for target 'cmTC_a4b7c/fast' failed
make: *** [cmTC_a4b7c/fast] Error 2



